<?xml version="1.0" encoding="UTF-8"?>
<!-- Generated by org.testng.reporters.JUnitReportReporter -->
<testsuite hostname="LAPTOP-3EOS261B" failures="0" tests="1" name="com.inetBanking.TestCases.TC_Login_001" time="6.252" errors="0" timestamp="29 Jan 2023 04:01:15 GMT" skipped="0">
  <testcase classname="com.inetBanking.TestCases.TC_Login_001" name="logTest" time="6.252"/>
</testsuite> <!-- com.inetBanking.TestCases.TC_Login_001 -->
