<?xml version="1.0" encoding="UTF-8"?>
<!-- Generated by org.testng.reporters.JUnitReportReporter -->
<testsuite hostname="LAPTOP-3EOS261B" failures="0" tests="1" name="com.inetBanking.TestCases.Tc_AddCus_002" time="0.000" errors="0" timestamp="13 Jan 2023 13:37:50 GMT" skipped="1">
  <testcase classname="com.inetBanking.TestCases.Tc_AddCus_002" name="addNewCustomerDetails" time="0.000">
    <skipped/>
  </testcase> <!-- addNewCustomerDetails -->
</testsuite> <!-- com.inetBanking.TestCases.Tc_AddCus_002 -->
